Log file open, 01/10/22 22:54:37
LogWindows: Failed to load 'aqProf.dll' (GetLastError=126)
LogWindows: File 'aqProf.dll' does not exist
LogWindows: Failed to load 'VtuneApi.dll' (GetLastError=126)
LogWindows: File 'VtuneApi.dll' does not exist
LogWindows: Failed to load 'VtuneApi32e.dll' (GetLastError=126)
LogWindows: File 'VtuneApi32e.dll' does not exist
LogConsoleResponse: Display: Failed to find resolution value strings in scalability ini. Falling back to default.
LogConsoleResponse: Display: Failed to find resolution value strings in scalability ini. Falling back to default.
LogInit: Display: Running engine for game: GE_UnrealProject
LogPlatformFile: Not using cached read wrapper
LogTaskGraph: Started task graph with 5 named threads and 47 total threads with 3 sets of task threads.
LogStats: Stats thread started at 0.316280
LogICUInternationalization: ICU TimeZone Detection - Raw Offset: +1:00, Platform Override: ''
LogInit: Display: Loading text-based GConfig....
LogPluginManager: Mounting plugin MeshPainting
LogPluginManager: Mounting plugin XGEController
LogPluginManager: Mounting plugin Paper2D
LogPluginManager: Mounting plugin AISupport
LogPluginManager: Mounting plugin EnvironmentQueryEditor
LogPluginManager: Mounting plugin LightPropagationVolume
LogPluginManager: Mounting plugin LiveLink
LogPluginManager: Mounting plugin OodleData
LogPluginManager: Mounting plugin OodleNetwork
LogPluginManager: Mounting plugin GameplayCameras
LogPluginManager: Mounting plugin CameraShakePreviewer
LogPluginManager: Mounting plugin AnimationSharing
LogPluginManager: Mounting plugin CodeLiteSourceCodeAccess
LogPluginManager: Mounting plugin CLionSourceCodeAccess
LogPluginManager: Mounting plugin GitSourceControl
LogPluginManager: Mounting plugin KDevelopSourceCodeAccess
LogPluginManager: Mounting plugin NullSourceCodeAccess
LogPluginManager: Mounting plugin PerforceSourceControl
LogPluginManager: Mounting plugin PluginUtils
LogPluginManager: Mounting plugin PixWinPlugin
LogPluginManager: Mounting plugin PlasticSourceControl
LogPluginManager: Mounting plugin PropertyAccessNode
LogPluginManager: Mounting plugin RiderSourceCodeAccess
LogPluginManager: Mounting plugin SubversionSourceControl
LogPluginManager: Mounting plugin TextureFormatOodle
LogPluginManager: Mounting plugin Niagara
LogPluginManager: Mounting plugin VisualStudioCodeSourceCodeAccess
LogPluginManager: Mounting plugin UObjectPlugin
LogPluginManager: Mounting plugin XCodeSourceCodeAccess
LogPluginManager: Mounting plugin AssetManagerEditor
LogPluginManager: Mounting plugin VisualStudioSourceCodeAccess
LogPluginManager: Mounting plugin DatasmithContent
LogPluginManager: Mounting plugin CryptoKeys
LogPluginManager: Mounting plugin CurveEditorTools
LogPluginManager: Mounting plugin VariantManagerContent
LogPluginManager: Mounting plugin DataValidation
LogPluginManager: Mounting plugin FacialAnimation
LogPluginManager: Mounting plugin AlembicImporter
LogPluginManager: Mounting plugin GeometryMode
LogPluginManager: Mounting plugin GameplayTagsEditor
LogPluginManager: Mounting plugin MacGraphicsSwitching
LogPluginManager: Mounting plugin MaterialAnalyzer
LogPluginManager: Mounting plugin AutomationUtils
LogPluginManager: Mounting plugin MobileLauncherProfileWizard
LogPluginManager: Mounting plugin PluginBrowser
LogPluginManager: Mounting plugin BackChannel
LogPluginManager: Mounting plugin SpeedTreeImporter
LogPluginManager: Mounting plugin ChaosCloth
LogPluginManager: Mounting plugin ChaosClothEditor
LogPluginManager: Mounting plugin ChaosNiagara
LogPluginManager: Mounting plugin ChaosEditor
LogPluginManager: Mounting plugin ChaosSolverPlugin
LogPluginManager: Mounting plugin CharacterAI
LogPluginManager: Mounting plugin GeometryCache
LogPluginManager: Mounting plugin GeometryCollectionPlugin
LogPluginManager: Mounting plugin GeometryProcessing
LogPluginManager: Mounting plugin MotoSynth
LogPluginManager: Mounting plugin OpenImageDenoise
LogPluginManager: Mounting plugin PlanarCut
LogPluginManager: Mounting plugin PlatformCrypto
LogPluginManager: Mounting plugin ProxyLODPlugin
LogPluginManager: Mounting plugin PythonScriptPlugin
LogPluginManager: Mounting plugin SkeletalReduction
LogPluginManager: Mounting plugin MagicLeap
LogPluginManager: Mounting plugin LuminPlatformFeatures
LogPluginManager: Mounting plugin MagicLeapLightEstimation
LogPluginManager: Mounting plugin MagicLeapMedia
LogPluginManager: Mounting plugin MagicLeapPassableWorld
LogPluginManager: Mounting plugin AndroidMedia
LogPluginManager: Mounting plugin MLSDK
LogPluginManager: Mounting plugin AvfMedia
LogPluginManager: Mounting plugin ImgMedia
LogPluginManager: Mounting plugin MediaCompositing
LogPluginManager: Mounting plugin MediaPlayerEditor
LogPluginManager: Mounting plugin TcpMessaging
LogPluginManager: Mounting plugin WmfMedia
LogPluginManager: Mounting plugin WebMMedia
LogPluginManager: Mounting plugin ActorSequence
LogPluginManager: Mounting plugin UdpMessaging
LogPluginManager: Mounting plugin LevelSequenceEditor
LogPluginManager: Mounting plugin MatineeToLevelSequence
LogPluginManager: Mounting plugin TemplateSequence
LogPluginManager: Mounting plugin OnlineSubsystem
LogPluginManager: Mounting plugin LauncherChunkInstaller
LogPluginManager: Mounting plugin OnlineSubsystemNull
LogPluginManager: Mounting plugin ActorLayerUtilities
LogPluginManager: Mounting plugin OnlineSubsystemUtils
LogPluginManager: Mounting plugin AndroidDeviceProfileSelector
LogPluginManager: Mounting plugin AndroidMoviePlayer
LogPluginManager: Mounting plugin AndroidPermission
LogPluginManager: Mounting plugin AppleImageUtils
LogPluginManager: Mounting plugin AppleMoviePlayer
LogPluginManager: Mounting plugin ArchVisCharacter
LogPluginManager: Mounting plugin AssetTags
LogPluginManager: Mounting plugin AudioSynesthesia
LogPluginManager: Mounting plugin AudioCapture
LogPluginManager: Mounting plugin CableComponent
LogPluginManager: Mounting plugin ChunkDownloader
LogPluginManager: Mounting plugin CustomMeshComponent
LogPluginManager: Mounting plugin EditableMesh
LogPluginManager: Mounting plugin ExampleDeviceProfileSelector
LogPluginManager: Mounting plugin GoogleCloudMessaging
LogPluginManager: Mounting plugin GooglePAD
LogPluginManager: Mounting plugin IOSDeviceProfileSelector
LogPluginManager: Mounting plugin LinuxDeviceProfileSelector
LogPluginManager: Mounting plugin LocationServicesBPLibrary
LogPluginManager: Mounting plugin MobilePatchingUtils
LogPluginManager: Mounting plugin OpenXR
LogPluginManager: Mounting plugin OpenXREyeTracker
LogPluginManager: Mounting plugin OpenXRHandTracking
LogPluginManager: Mounting plugin PostSplashScreen
LogPluginManager: Mounting plugin PhysXVehicles
LogPluginManager: Mounting plugin ProceduralMeshComponent
LogPluginManager: Mounting plugin PropertyAccessEditor
LogPluginManager: Mounting plugin RuntimePhysXCooking
LogPluginManager: Mounting plugin SignificanceManager
LogPluginManager: Mounting plugin SoundFields
LogPluginManager: Mounting plugin Synthesis
LogPluginManager: Mounting plugin WebMMoviePlayer
LogPluginManager: Mounting plugin WindowsMoviePlayer
LogPluginManager: Mounting plugin ScreenshotTools
LogPluginManager: Mounting plugin Takes
LogPluginManager: Mounting plugin ContentBrowserAssetDataSource
LogPluginManager: Mounting plugin ContentBrowserClassDataSource
LogPluginManager: Mounting plugin ContentBrowserFileDataSource
LogPluginManager: Mounting plugin OnlineSubsystemGooglePlay
LogPluginManager: Mounting plugin OnlineSubsystemIOS
LogPluginManager: Mounting plugin OculusVR
LogPluginManager: Mounting plugin SteamVR
PixWinPlugin: PIX capture plugin failed to initialize! Check that the process is launched from PIX.
LogInit: Using libcurl 7.55.1-DEV
LogInit:  - built for x86_64-pc-win32
LogInit:  - supports SSL with OpenSSL/1.1.1
LogInit:  - supports HTTP deflate (compression) using libz 1.2.8
LogInit:  - other features:
LogInit:      CURL_VERSION_SSL
LogInit:      CURL_VERSION_LIBZ
LogInit:      CURL_VERSION_IPV6
LogInit:      CURL_VERSION_ASYNCHDNS
LogInit:      CURL_VERSION_LARGEFILE
LogInit:      CURL_VERSION_IDN
LogInit:  CurlRequestOptions (configurable via config and command line):
LogInit:  - bVerifyPeer = true  - Libcurl will verify peer certificate
LogInit:  - bUseHttpProxy = false  - Libcurl will NOT use HTTP proxy
LogInit:  - bDontReuseConnections = false  - Libcurl will reuse connections
LogInit:  - MaxHostConnections = 16  - Libcurl will limit the number of connections to a host
LogInit:  - LocalHostAddr = Default
LogInit:  - BufferSize = 65536
LogOnline: OSS: Creating online subsystem instance for: NULL
LogInit: WinSock: version 1.1 (2.2), MaxSocks=32767, MaxUdp=65467
LogOnline: OSS: TryLoadSubsystemAndSetDefault: Loaded subsystem for module [NULL]
LogOculusPluginWrapper: OculusPlugin initialized successfully
LogHMD: Failed initializing OVRPlugin 1.59.0
LogInit: Build: ++UE4+Release-4.27-CL-18319896
LogInit: Engine Version: 4.27.2-18319896+++UE4+Release-4.27
LogInit: Compatible Engine Version: 4.27.0-17155196+++UE4+Release-4.27
LogInit: Net CL: 17155196
LogInit: OS: Windows 10 (Release 2009) (), CPU: AMD Ryzen 7 1700X Eight-Core Processor         , GPU: NVIDIA GeForce GTX 1080
LogInit: Compiled (64-bit): Nov 30 2021 07:12:08
LogInit: Compiled with Visual C++: 19.24.28315.00
LogInit: Build Configuration: Development
LogInit: Branch Name: ++UE4+Release-4.27
LogInit: Command Line:  127.0.0.1:17777 -game -PIEVIACONSOLE -Multiprocess GameUserSettingsINI=E:/GitHub/GE_UnrealProject/GE_UnrealProject/Saved/Config/Windows/PIEGameUserSettings1.ini -MultiprocessSaveConfig -forcepassthrough -messaging -SessionName="Play in Standalone Game" -windowed -WinX=621 -WinY=398 SAVEWINPOS=1 -ResX=1440 -ResY=900
LogInit: Base Directory: F:/Programme/Epic Games/UE_4.27/Engine/Binaries/Win64/
LogInit: Allocator: TBB
LogInit: Installed Engine Build: 1
LogDevObjectVersion: Number of dev versions registered: 29
LogDevObjectVersion:   Dev-Blueprints (B0D832E4-1F89-4F0D-ACCF-7EB736FD4AA2): 10
LogDevObjectVersion:   Dev-Build (E1C64328-A22C-4D53-A36C-8E866417BD8C): 0
LogDevObjectVersion:   Dev-Core (375EC13C-06E4-48FB-B500-84F0262A717E): 4
LogDevObjectVersion:   Dev-Editor (E4B068ED-F494-42E9-A231-DA0B2E46BB41): 40
LogDevObjectVersion:   Dev-Framework (CFFC743F-43B0-4480-9391-14DF171D2073): 37
LogDevObjectVersion:   Dev-Mobile (B02B49B5-BB20-44E9-A304-32B752E40360): 3
LogDevObjectVersion:   Dev-Networking (A4E4105C-59A1-49B5-A7C5-40C4547EDFEE): 0
LogDevObjectVersion:   Dev-Online (39C831C9-5AE6-47DC-9A44-9C173E1C8E7C): 0
LogDevObjectVersion:   Dev-Physics (78F01B33-EBEA-4F98-B9B4-84EACCB95AA2): 14
LogDevObjectVersion:   Dev-Platform (6631380F-2D4D-43E0-8009-CF276956A95A): 0
LogDevObjectVersion:   Dev-Rendering (12F88B9F-8875-4AFC-A67C-D90C383ABD29): 45
LogDevObjectVersion:   Dev-Sequencer (7B5AE74C-D270-4C10-A958-57980B212A5A): 13
LogDevObjectVersion:   Dev-VR (D7296918-1DD6-4BDD-9DE2-64A83CC13884): 3
LogDevObjectVersion:   Dev-LoadTimes (C2A15278-BFE7-4AFE-6C17-90FF531DF755): 1
LogDevObjectVersion:   Private-Geometry (6EACA3D4-40EC-4CC1-B786-8BED09428FC5): 3
LogDevObjectVersion:   Dev-AnimPhys (29E575DD-E0A3-4627-9D10-D276232CDCEA): 17
LogDevObjectVersion:   Dev-Anim (AF43A65D-7FD3-4947-9873-3E8ED9C1BB05): 15
LogDevObjectVersion:   Dev-ReflectionCapture (6B266CEC-1EC7-4B8F-A30B-E4D90942FC07): 1
LogDevObjectVersion:   Dev-Automation (0DF73D61-A23F-47EA-B727-89E90C41499A): 1
LogDevObjectVersion:   FortniteMain (601D1886-AC64-4F84-AA16-D3DE0DEAC7D6): 47
LogDevObjectVersion:   FortniteRelease (E7086368-6B23-4C58-8439-1B7016265E91): 1
LogDevObjectVersion:   Dev-Enterprise (9DFFBCD6-494F-0158-E221-12823C92A888): 10
LogDevObjectVersion:   Dev-Niagara (F2AED0AC-9AFE-416F-8664-AA7FFA26D6FC): 1
LogDevObjectVersion:   Dev-Destruction (174F1F0B-B4C6-45A5-B13F-2EE8D0FB917D): 10
LogDevObjectVersion:   Dev-Physics-Ext (35F94A83-E258-406C-A318-09F59610247C): 41
LogDevObjectVersion:   Dev-PhysicsMaterial-Chaos (B68FC16E-8B1B-42E2-B453-215C058844FE): 1
LogDevObjectVersion:   Dev-CineCamera (B2E18506-4273-CFC2-A54E-F4BB758BBA07): 1
LogDevObjectVersion:   Dev-VirtualProduction (64F58936-FD1B-42BA-BA96-7289D5D0FA4E): 1
LogDevObjectVersion:   Dev-MediaFramework (6F0ED827-A609-4895-9C91-998D90180EA4): 2
LogInit: Presizing for max 25165824 objects, including 0 objects not considered by GC, pre-allocating 0 bytes for permanent pool.
LogConfig: Applying CVar settings from Section [/Script/Engine.StreamingSettings] File [E:/GitHub/GE_UnrealProject/GE_UnrealProject/Saved/Config/Windows/Engine.ini]
LogConfig: Setting CVar [[s.MinBulkDataSizeForAsyncLoading:131072]]
LogConfig: Setting CVar [[s.AsyncLoadingThreadEnabled:0]]
LogConfig: Setting CVar [[s.EventDrivenLoaderEnabled:1]]
LogConfig: Setting CVar [[s.WarnIfTimeLimitExceeded:0]]
LogConfig: Setting CVar [[s.TimeLimitExceededMultiplier:1.5]]
LogConfig: Setting CVar [[s.TimeLimitExceededMinTime:0.005]]
LogConfig: Setting CVar [[s.UseBackgroundLevelStreaming:1]]
LogConfig: Setting CVar [[s.PriorityAsyncLoadingExtraTime:15.0]]
LogConfig: Setting CVar [[s.LevelStreamingActorsUpdateTimeLimit:5.0]]
LogConfig: Setting CVar [[s.PriorityLevelStreamingActorsUpdateExtraTime:5.0]]
LogConfig: Setting CVar [[s.LevelStreamingComponentsRegistrationGranularity:10]]
LogConfig: Setting CVar [[s.UnregisterComponentsTimeLimit:1.0]]
LogConfig: Setting CVar [[s.LevelStreamingComponentsUnregistrationGranularity:5]]
LogConfig: Setting CVar [[s.FlushStreamingOnExit:1]]
LogInit: Object subsystem initialized
LogConfig: Setting CVar [[con.DebugEarlyDefault:1]]
LogConfig: Setting CVar [[r.setres:1280x720]]
[2022.01.10-21.54.41:002][  0]LogConfig: Setting CVar [[con.DebugEarlyDefault:1]]
[2022.01.10-21.54.41:002][  0]LogConfig: Setting CVar [[r.setres:1280x720]]
[2022.01.10-21.54.41:002][  0]LogConfig: Applying CVar settings from Section [/Script/Engine.RendererSettings] File [E:/GitHub/GE_UnrealProject/GE_UnrealProject/Saved/Config/Windows/Engine.ini]
[2022.01.10-21.54.41:002][  0]LogConfig: Setting CVar [[r.GPUCrashDebugging:0]]
[2022.01.10-21.54.41:002][  0]LogConfig: Applying CVar settings from Section [/Script/Engine.RendererOverrideSettings] File [E:/GitHub/GE_UnrealProject/GE_UnrealProject/Saved/Config/Windows/Engine.ini]
[2022.01.10-21.54.41:002][  0]LogConfig: Applying CVar settings from Section [/Script/Engine.StreamingSettings] File [E:/GitHub/GE_UnrealProject/GE_UnrealProject/Saved/Config/Windows/Engine.ini]
[2022.01.10-21.54.41:002][  0]LogConfig: Setting CVar [[s.MinBulkDataSizeForAsyncLoading:131072]]
[2022.01.10-21.54.41:002][  0]LogConfig: Setting CVar [[s.AsyncLoadingThreadEnabled:0]]
[2022.01.10-21.54.41:002][  0]LogConfig: Setting CVar [[s.EventDrivenLoaderEnabled:1]]
[2022.01.10-21.54.41:002][  0]LogConfig: Setting CVar [[s.WarnIfTimeLimitExceeded:0]]
[2022.01.10-21.54.41:002][  0]LogConfig: Setting CVar [[s.TimeLimitExceededMultiplier:1.5]]
[2022.01.10-21.54.41:002][  0]LogConfig: Setting CVar [[s.TimeLimitExceededMinTime:0.005]]
[2022.01.10-21.54.41:002][  0]LogConfig: Setting CVar [[s.UseBackgroundLevelStreaming:1]]
[2022.01.10-21.54.41:002][  0]LogConfig: Setting CVar [[s.PriorityAsyncLoadingExtraTime:15.0]]
[2022.01.10-21.54.41:002][  0]LogConfig: Setting CVar [[s.LevelStreamingActorsUpdateTimeLimit:5.0]]
[2022.01.10-21.54.41:002][  0]LogConfig: Setting CVar [[s.PriorityLevelStreamingActorsUpdateExtraTime:5.0]]
[2022.01.10-21.54.41:002][  0]LogConfig: Setting CVar [[s.LevelStreamingComponentsRegistrationGranularity:10]]
[2022.01.10-21.54.41:002][  0]LogConfig: Setting CVar [[s.UnregisterComponentsTimeLimit:1.0]]
[2022.01.10-21.54.41:002][  0]LogConfig: Setting CVar [[s.LevelStreamingComponentsUnregistrationGranularity:5]]
[2022.01.10-21.54.41:002][  0]LogConfig: Setting CVar [[s.FlushStreamingOnExit:1]]
[2022.01.10-21.54.41:002][  0]LogConfig: Applying CVar settings from Section [/Script/Engine.GarbageCollectionSettings] File [E:/GitHub/GE_UnrealProject/GE_UnrealProject/Saved/Config/Windows/Engine.ini]
[2022.01.10-21.54.41:002][  0]LogConfig: Setting CVar [[gc.MaxObjectsNotConsideredByGC:1]]
[2022.01.10-21.54.41:002][  0]LogConfig: Setting CVar [[gc.SizeOfPermanentObjectPool:0]]
[2022.01.10-21.54.41:002][  0]LogConfig: Setting CVar [[gc.FlushStreamingOnGC:0]]
[2022.01.10-21.54.41:002][  0]LogConfig: Setting CVar [[gc.NumRetriesBeforeForcingGC:10]]
[2022.01.10-21.54.41:002][  0]LogConfig: Setting CVar [[gc.AllowParallelGC:1]]
[2022.01.10-21.54.41:004][  0]LogConfig: Setting CVar [[gc.TimeBetweenPurgingPendingKillObjects:61.1]]
[2022.01.10-21.54.41:004][  0]LogConfig: Setting CVar [[gc.MaxObjectsInEditor:25165824]]
[2022.01.10-21.54.41:004][  0]LogConfig: Setting CVar [[gc.IncrementalBeginDestroyEnabled:1]]
[2022.01.10-21.54.41:004][  0]LogConfig: Setting CVar [[gc.CreateGCClusters:1]]
[2022.01.10-21.54.41:004][  0]LogConfig: Setting CVar [[gc.MinGCClusterSize:5]]
[2022.01.10-21.54.41:004][  0]LogConfig: Setting CVar [[gc.ActorClusteringEnabled:0]]
[2022.01.10-21.54.41:004][  0]LogConfig: Setting CVar [[gc.BlueprintClusteringEnabled:0]]
[2022.01.10-21.54.41:004][  0]LogConfig: Setting CVar [[gc.UseDisregardForGCOnDedicatedServers:0]]
[2022.01.10-21.54.41:004][  0]LogConfig: Setting CVar [[gc.MultithreadedDestructionEnabled:1]]
[2022.01.10-21.54.41:004][  0]LogConfig: Applying CVar settings from Section [/Script/Engine.NetworkSettings] File [E:/GitHub/GE_UnrealProject/GE_UnrealProject/Saved/Config/Windows/Engine.ini]
[2022.01.10-21.54.41:004][  0]LogConfig: Applying CVar settings from Section [/Script/UnrealEd.CookerSettings] File [E:/GitHub/GE_UnrealProject/GE_UnrealProject/Saved/Config/Windows/Engine.ini]
[2022.01.10-21.54.41:025][  0]LogConfig: Applying CVar settings from Section [ViewDistanceQuality@3] File [E:/GitHub/GE_UnrealProject/GE_UnrealProject/Saved/Config/Windows/Scalability.ini]
[2022.01.10-21.54.41:025][  0]LogConfig: Setting CVar [[r.SkeletalMeshLODBias:0]]
[2022.01.10-21.54.41:025][  0]LogConfig: Setting CVar [[r.ViewDistanceScale:1.0]]
[2022.01.10-21.54.41:025][  0]LogConfig: Applying CVar settings from Section [AntiAliasingQuality@3] File [E:/GitHub/GE_UnrealProject/GE_UnrealProject/Saved/Config/Windows/Scalability.ini]
[2022.01.10-21.54.41:025][  0]LogConfig: Setting CVar [[r.PostProcessAAQuality:4]]
[2022.01.10-21.54.41:025][  0]LogConfig: Applying CVar settings from Section [ShadowQuality@3] File [E:/GitHub/GE_UnrealProject/GE_UnrealProject/Saved/Config/Windows/Scalability.ini]
[2022.01.10-21.54.41:025][  0]LogConfig: Setting CVar [[r.LightFunctionQuality:1]]
[2022.01.10-21.54.41:025][  0]LogConfig: Setting CVar [[r.ShadowQuality:5]]
[2022.01.10-21.54.41:025][  0]LogConfig: Setting CVar [[r.Shadow.CSM.MaxCascades:10]]
[2022.01.10-21.54.41:026][  0]LogConfig: Setting CVar [[r.Shadow.MaxResolution:2048]]
[2022.01.10-21.54.41:026][  0]LogConfig: Setting CVar [[r.Shadow.MaxCSMResolution:2048]]
[2022.01.10-21.54.41:026][  0]LogConfig: Setting CVar [[r.Shadow.RadiusThreshold:0.01]]
[2022.01.10-21.54.41:026][  0]LogConfig: Setting CVar [[r.Shadow.DistanceScale:1.0]]
[2022.01.10-21.54.41:026][  0]LogConfig: Setting CVar [[r.Shadow.CSM.TransitionScale:1.0]]
[2022.01.10-21.54.41:026][  0]LogConfig: Setting CVar [[r.Shadow.PreShadowResolutionFactor:1.0]]
[2022.01.10-21.54.41:026][  0]LogConfig: Setting CVar [[r.DistanceFieldShadowing:1]]
[2022.01.10-21.54.41:026][  0]LogConfig: Setting CVar [[r.DistanceFieldAO:1]]
[2022.01.10-21.54.41:026][  0]LogConfig: Setting CVar [[r.AOQuality:2]]
[2022.01.10-21.54.41:026][  0]LogConfig: Setting CVar [[r.VolumetricFog:1]]
[2022.01.10-21.54.41:026][  0]LogConfig: Setting CVar [[r.VolumetricFog.GridPixelSize:8]]
[2022.01.10-21.54.41:026][  0]LogConfig: Setting CVar [[r.VolumetricFog.GridSizeZ:128]]
[2022.01.10-21.54.41:026][  0]LogConfig: Setting CVar [[r.VolumetricFog.HistoryMissSupersampleCount:4]]
[2022.01.10-21.54.41:026][  0]LogConfig: Setting CVar [[r.LightMaxDrawDistanceScale:1]]
[2022.01.10-21.54.41:026][  0]LogConfig: Setting CVar [[r.CapsuleShadows:1]]
[2022.01.10-21.54.41:026][  0]LogConfig: Applying CVar settings from Section [PostProcessQuality@3] File [E:/GitHub/GE_UnrealProject/GE_UnrealProject/Saved/Config/Windows/Scalability.ini]
[2022.01.10-21.54.41:026][  0]LogConfig: Setting CVar [[r.MotionBlurQuality:4]]
[2022.01.10-21.54.41:026][  0]LogConfig: Setting CVar [[r.AmbientOcclusionMipLevelFactor:0.4]]
[2022.01.10-21.54.41:026][  0]LogConfig: Setting CVar [[r.AmbientOcclusionMaxQuality:100]]
[2022.01.10-21.54.41:026][  0]LogConfig: Setting CVar [[r.AmbientOcclusionLevels:-1]]
[2022.01.10-21.54.41:026][  0]LogConfig: Setting CVar [[r.AmbientOcclusionRadiusScale:1.0]]
[2022.01.10-21.54.41:026][  0]LogConfig: Setting CVar [[r.DepthOfFieldQuality:2]]
[2022.01.10-21.54.41:026][  0]LogConfig: Setting CVar [[r.RenderTargetPoolMin:400]]
[2022.01.10-21.54.41:026][  0]LogConfig: Setting CVar [[r.LensFlareQuality:2]]
[2022.01.10-21.54.41:026][  0]LogConfig: Setting CVar [[r.SceneColorFringeQuality:1]]
[2022.01.10-21.54.41:026][  0]LogConfig: Setting CVar [[r.EyeAdaptationQuality:2]]
[2022.01.10-21.54.41:026][  0]LogConfig: Setting CVar [[r.BloomQuality:5]]
[2022.01.10-21.54.41:026][  0]LogConfig: Setting CVar [[r.FastBlurThreshold:100]]
[2022.01.10-21.54.41:026][  0]LogConfig: Setting CVar [[r.Upscale.Quality:3]]
[2022.01.10-21.54.41:026][  0]LogConfig: Setting CVar [[r.Tonemapper.GrainQuantization:1]]
[2022.01.10-21.54.41:026][  0]LogConfig: Setting CVar [[r.LightShaftQuality:1]]
[2022.01.10-21.54.41:026][  0]LogConfig: Setting CVar [[r.Filter.SizeScale:1]]
[2022.01.10-21.54.41:026][  0]LogConfig: Setting CVar [[r.Tonemapper.Quality:5]]
[2022.01.10-21.54.41:026][  0]LogConfig: Setting CVar [[r.DOF.Gather.AccumulatorQuality:1        ; higher gathering accumulator quality]]
[2022.01.10-21.54.41:026][  0]LogConfig: Setting CVar [[r.DOF.Gather.PostfilterMethod:1          ; Median3x3 postfilering method]]
[2022.01.10-21.54.41:026][  0]LogConfig: Setting CVar [[r.DOF.Gather.EnableBokehSettings:0       ; no bokeh simulation when gathering]]
[2022.01.10-21.54.41:026][  0]LogConfig: Setting CVar [[r.DOF.Gather.RingCount:4                 ; medium number of samples when gathering]]
[2022.01.10-21.54.41:026][  0]LogConfig: Setting CVar [[r.DOF.Scatter.ForegroundCompositing:1    ; additive foreground scattering]]
[2022.01.10-21.54.41:026][  0]LogConfig: Setting CVar [[r.DOF.Scatter.BackgroundCompositing:2    ; additive background scattering]]
[2022.01.10-21.54.41:026][  0]LogConfig: Setting CVar [[r.DOF.Scatter.EnableBokehSettings:1      ; bokeh simulation when scattering]]
[2022.01.10-21.54.41:026][  0]LogConfig: Setting CVar [[r.DOF.Scatter.MaxSpriteRatio:0.1         ; only a maximum of 10% of scattered bokeh]]
[2022.01.10-21.54.41:026][  0]LogConfig: Setting CVar [[r.DOF.Recombine.Quality:1                ; cheap slight out of focus]]
[2022.01.10-21.54.41:026][  0]LogConfig: Setting CVar [[r.DOF.Recombine.EnableBokehSettings:0    ; no bokeh simulation on slight out of focus]]
[2022.01.10-21.54.41:026][  0]LogConfig: Setting CVar [[r.DOF.TemporalAAQuality:1                ; more stable temporal accumulation]]
[2022.01.10-21.54.41:026][  0]LogConfig: Setting CVar [[r.DOF.Kernel.MaxForegroundRadius:0.025]]
[2022.01.10-21.54.41:026][  0]LogConfig: Setting CVar [[r.DOF.Kernel.MaxBackgroundRadius:0.025]]
[2022.01.10-21.54.41:026][  0]LogConfig: Applying CVar settings from Section [TextureQuality@3] File [E:/GitHub/GE_UnrealProject/GE_UnrealProject/Saved/Config/Windows/Scalability.ini]
[2022.01.10-21.54.41:026][  0]LogConfig: Setting CVar [[r.Streaming.MipBias:0]]
[2022.01.10-21.54.41:026][  0]LogConfig: Setting CVar [[r.Streaming.AmortizeCPUToGPUCopy:0]]
[2022.01.10-21.54.41:026][  0]LogConfig: Setting CVar [[r.Streaming.MaxNumTexturesToStreamPerFrame:0]]
[2022.01.10-21.54.41:026][  0]LogConfig: Setting CVar [[r.Streaming.Boost:1]]
[2022.01.10-21.54.41:026][  0]LogConfig: Setting CVar [[r.MaxAnisotropy:8]]
[2022.01.10-21.54.41:026][  0]LogConfig: Setting CVar [[r.VT.MaxAnisotropy:8]]
[2022.01.10-21.54.41:026][  0]LogConfig: Setting CVar [[r.Streaming.LimitPoolSizeToVRAM:0]]
[2022.01.10-21.54.41:026][  0]LogConfig: Setting CVar [[r.Streaming.PoolSize:1000]]
[2022.01.10-21.54.41:026][  0]LogConfig: Setting CVar [[r.Streaming.MaxEffectiveScreenSize:0]]
[2022.01.10-21.54.41:026][  0]LogConfig: Applying CVar settings from Section [EffectsQuality@3] File [E:/GitHub/GE_UnrealProject/GE_UnrealProject/Saved/Config/Windows/Scalability.ini]
[2022.01.10-21.54.41:026][  0]LogConfig: Setting CVar [[r.TranslucencyLightingVolumeDim:64]]
[2022.01.10-21.54.41:026][  0]LogConfig: Setting CVar [[r.RefractionQuality:2]]
[2022.01.10-21.54.41:026][  0]LogConfig: Setting CVar [[r.SSR.Quality:3]]
[2022.01.10-21.54.41:026][  0]LogConfig: Setting CVar [[r.SSR.HalfResSceneColor:0]]
[2022.01.10-21.54.41:026][  0]LogConfig: Setting CVar [[r.SceneColorFormat:4]]
[2022.01.10-21.54.41:026][  0]LogConfig: Setting CVar [[r.DetailMode:2]]
[2022.01.10-21.54.41:026][  0]LogConfig: Setting CVar [[r.TranslucencyVolumeBlur:1]]
[2022.01.10-21.54.41:026][  0]LogConfig: Setting CVar [[r.MaterialQualityLevel:1 ; High quality]]
[2022.01.10-21.54.41:026][  0]LogConfig: Setting CVar [[r.AnisotropicMaterials:1]]
[2022.01.10-21.54.41:026][  0]LogConfig: Setting CVar [[r.SSS.Scale:1]]
[2022.01.10-21.54.41:026][  0]LogConfig: Setting CVar [[r.SSS.SampleSet:2]]
[2022.01.10-21.54.41:026][  0]LogConfig: Setting CVar [[r.SSS.Quality:1]]
[2022.01.10-21.54.41:026][  0]LogConfig: Setting CVar [[r.SSS.HalfRes:0]]
[2022.01.10-21.54.41:026][  0]LogConfig: Setting CVar [[r.SSGI.Quality:3]]
[2022.01.10-21.54.41:026][  0]LogConfig: Setting CVar [[r.EmitterSpawnRateScale:1.0]]
[2022.01.10-21.54.41:026][  0]LogConfig: Setting CVar [[r.ParticleLightQuality:2]]
[2022.01.10-21.54.41:027][  0]LogConfig: Setting CVar [[r.SkyAtmosphere.AerialPerspectiveLUT.FastApplyOnOpaque:1 ; Always have FastSkyLUT 1 in this case to avoid wrong sky]]
[2022.01.10-21.54.41:027][  0]LogConfig: Setting CVar [[r.SkyAtmosphere.AerialPerspectiveLUT.SampleCountMaxPerSlice:4]]
[2022.01.10-21.54.41:027][  0]LogConfig: Setting CVar [[r.SkyAtmosphere.AerialPerspectiveLUT.DepthResolution:16.0]]
[2022.01.10-21.54.41:027][  0]LogConfig: Setting CVar [[r.SkyAtmosphere.FastSkyLUT:1]]
[2022.01.10-21.54.41:027][  0]LogConfig: Setting CVar [[r.SkyAtmosphere.FastSkyLUT.SampleCountMin:4.0]]
[2022.01.10-21.54.41:027][  0]LogConfig: Setting CVar [[r.SkyAtmosphere.FastSkyLUT.SampleCountMax:128.0]]
[2022.01.10-21.54.41:027][  0]LogConfig: Setting CVar [[r.SkyAtmosphere.SampleCountMin:4.0]]
[2022.01.10-21.54.41:027][  0]LogConfig: Setting CVar [[r.SkyAtmosphere.SampleCountMax:128.0]]
[2022.01.10-21.54.41:027][  0]LogConfig: Setting CVar [[r.SkyAtmosphere.TransmittanceLUT.UseSmallFormat:0]]
[2022.01.10-21.54.41:027][  0]LogConfig: Setting CVar [[r.SkyAtmosphere.TransmittanceLUT.SampleCount:10.0]]
[2022.01.10-21.54.41:027][  0]LogConfig: Setting CVar [[r.SkyAtmosphere.MultiScatteringLUT.SampleCount:15.0]]
[2022.01.10-21.54.41:027][  0]LogConfig: Setting CVar [[r.SkyLight.RealTimeReflectionCapture:1]]
[2022.01.10-21.54.41:027][  0]LogConfig: Applying CVar settings from Section [FoliageQuality@3] File [E:/GitHub/GE_UnrealProject/GE_UnrealProject/Saved/Config/Windows/Scalability.ini]
[2022.01.10-21.54.41:027][  0]LogConfig: Setting CVar [[foliage.DensityScale:1.0]]
[2022.01.10-21.54.41:027][  0]LogConfig: Setting CVar [[grass.DensityScale:1.0]]
[2022.01.10-21.54.41:027][  0]LogConfig: Applying CVar settings from Section [ShadingQuality@3] File [E:/GitHub/GE_UnrealProject/GE_UnrealProject/Saved/Config/Windows/Scalability.ini]
[2022.01.10-21.54.41:027][  0]LogConfig: Setting CVar [[r.HairStrands.SkyLighting.IntegrationType:2]]
[2022.01.10-21.54.41:027][  0]LogConfig: Setting CVar [[r.HairStrands.SkyAO.SampleCount:4]]
[2022.01.10-21.54.41:027][  0]LogConfig: Setting CVar [[r.HairStrands.Visibility.MSAA.SamplePerPixel:4]]
[2022.01.10-21.54.41:027][  0]LogInit: Selected Device Profile: [Windows]
[2022.01.10-21.54.41:027][  0]LogInit: Applying CVar settings loaded from the selected device profile: [Windows]
[2022.01.10-21.54.41:027][  0]LogHAL: Display: Platform has ~ 16 GB [17104195584 / 17179869184 / 16], which maps to Larger [LargestMinGB=32, LargerMinGB=12, DefaultMinGB=8, SmallerMinGB=6, SmallestMinGB=0)
[2022.01.10-21.54.41:027][  0]LogInit: Going up to parent DeviceProfile []
[2022.01.10-21.54.41:027][  0]LogConfig: Applying CVar settings from Section [ViewDistanceQuality@3] File [E:/GitHub/GE_UnrealProject/GE_UnrealProject/Saved/Config/Windows/Scalability.ini]
[2022.01.10-21.54.41:027][  0]LogConfig: Setting CVar [[r.SkeletalMeshLODBias:0]]
[2022.01.10-21.54.41:027][  0]LogConfig: Setting CVar [[r.ViewDistanceScale:1.0]]
[2022.01.10-21.54.41:027][  0]LogConfig: Applying CVar settings from Section [AntiAliasingQuality@3] File [E:/GitHub/GE_UnrealProject/GE_UnrealProject/Saved/Config/Windows/Scalability.ini]
[2022.01.10-21.54.41:027][  0]LogConfig: Setting CVar [[r.PostProcessAAQuality:4]]
[2022.01.10-21.54.41:027][  0]LogConfig: Applying CVar settings from Section [ShadowQuality@3] File [E:/GitHub/GE_UnrealProject/GE_UnrealProject/Saved/Config/Windows/Scalability.ini]
[2022.01.10-21.54.41:027][  0]LogConfig: Setting CVar [[r.LightFunctionQuality:1]]
[2022.01.10-21.54.41:027][  0]LogConfig: Setting CVar [[r.ShadowQuality:5]]
[2022.01.10-21.54.41:027][  0]LogConfig: Setting CVar [[r.Shadow.CSM.MaxCascades:10]]
[2022.01.10-21.54.41:027][  0]LogConfig: Setting CVar [[r.Shadow.MaxResolution:2048]]
[2022.01.10-21.54.41:027][  0]LogConfig: Setting CVar [[r.Shadow.MaxCSMResolution:2048]]
[2022.01.10-21.54.41:027][  0]LogConfig: Setting CVar [[r.Shadow.RadiusThreshold:0.01]]
[2022.01.10-21.54.41:027][  0]LogConfig: Setting CVar [[r.Shadow.DistanceScale:1.0]]
[2022.01.10-21.54.41:027][  0]LogConfig: Setting CVar [[r.Shadow.CSM.TransitionScale:1.0]]
[2022.01.10-21.54.41:027][  0]LogConfig: Setting CVar [[r.Shadow.PreShadowResolutionFactor:1.0]]
[2022.01.10-21.54.41:027][  0]LogConfig: Setting CVar [[r.DistanceFieldShadowing:1]]
[2022.01.10-21.54.41:027][  0]LogConfig: Setting CVar [[r.DistanceFieldAO:1]]
[2022.01.10-21.54.41:027][  0]LogConfig: Setting CVar [[r.AOQuality:2]]
[2022.01.10-21.54.41:027][  0]LogConfig: Setting CVar [[r.VolumetricFog:1]]
[2022.01.10-21.54.41:027][  0]LogConfig: Setting CVar [[r.VolumetricFog.GridPixelSize:8]]
[2022.01.10-21.54.41:027][  0]LogConfig: Setting CVar [[r.VolumetricFog.GridSizeZ:128]]
[2022.01.10-21.54.41:027][  0]LogConfig: Setting CVar [[r.VolumetricFog.HistoryMissSupersampleCount:4]]
[2022.01.10-21.54.41:027][  0]LogConfig: Setting CVar [[r.LightMaxDrawDistanceScale:1]]
[2022.01.10-21.54.41:027][  0]LogConfig: Setting CVar [[r.CapsuleShadows:1]]
[2022.01.10-21.54.41:027][  0]LogConfig: Applying CVar settings from Section [PostProcessQuality@3] File [E:/GitHub/GE_UnrealProject/GE_UnrealProject/Saved/Config/Windows/Scalability.ini]
[2022.01.10-21.54.41:027][  0]LogConfig: Setting CVar [[r.MotionBlurQuality:4]]
[2022.01.10-21.54.41:027][  0]LogConfig: Setting CVar [[r.AmbientOcclusionMipLevelFactor:0.4]]
[2022.01.10-21.54.41:027][  0]LogConfig: Setting CVar [[r.AmbientOcclusionMaxQuality:100]]
[2022.01.10-21.54.41:027][  0]LogConfig: Setting CVar [[r.AmbientOcclusionLevels:-1]]
[2022.01.10-21.54.41:027][  0]LogConfig: Setting CVar [[r.AmbientOcclusionRadiusScale:1.0]]
[2022.01.10-21.54.41:027][  0]LogConfig: Setting CVar [[r.DepthOfFieldQuality:2]]
[2022.01.10-21.54.41:027][  0]LogConfig: Setting CVar [[r.RenderTargetPoolMin:400]]
[2022.01.10-21.54.41:027][  0]LogConfig: Setting CVar [[r.LensFlareQuality:2]]
[2022.01.10-21.54.41:027][  0]LogConfig: Setting CVar [[r.SceneColorFringeQuality:1]]
[2022.01.10-21.54.41:027][  0]LogConfig: Setting CVar [[r.EyeAdaptationQuality:2]]
[2022.01.10-21.54.41:027][  0]LogConfig: Setting CVar [[r.BloomQuality:5]]
[2022.01.10-21.54.41:027][  0]LogConfig: Setting CVar [[r.FastBlurThreshold:100]]
[2022.01.10-21.54.41:027][  0]LogConfig: Setting CVar [[r.Upscale.Quality:3]]
[2022.01.10-21.54.41:027][  0]LogConfig: Setting CVar [[r.Tonemapper.GrainQuantization:1]]
[2022.01.10-21.54.41:027][  0]LogConfig: Setting CVar [[r.LightShaftQuality:1]]
[2022.01.10-21.54.41:027][  0]LogConfig: Setting CVar [[r.Filter.SizeScale:1]]
[2022.01.10-21.54.41:028][  0]LogConfig: Setting CVar [[r.Tonemapper.Quality:5]]
[2022.01.10-21.54.41:028][  0]LogConfig: Setting CVar [[r.DOF.Gather.AccumulatorQuality:1        ; higher gathering accumulator quality]]
[2022.01.10-21.54.41:028][  0]LogConfig: Setting CVar [[r.DOF.Gather.PostfilterMethod:1          ; Median3x3 postfilering method]]
[2022.01.10-21.54.41:028][  0]LogConfig: Setting CVar [[r.DOF.Gather.EnableBokehSettings:0       ; no bokeh simulation when gathering]]
[2022.01.10-21.54.41:028][  0]LogConfig: Setting CVar [[r.DOF.Gather.RingCount:4                 ; medium number of samples when gathering]]
[2022.01.10-21.54.41:028][  0]LogConfig: Setting CVar [[r.DOF.Scatter.ForegroundCompositing:1    ; additive foreground scattering]]
[2022.01.10-21.54.41:028][  0]LogConfig: Setting CVar [[r.DOF.Scatter.BackgroundCompositing:2    ; additive background scattering]]
[2022.01.10-21.54.41:028][  0]LogConfig: Setting CVar [[r.DOF.Scatter.EnableBokehSettings:1      ; bokeh simulation when scattering]]
[2022.01.10-21.54.41:028][  0]LogConfig: Setting CVar [[r.DOF.Scatter.MaxSpriteRatio:0.1         ; only a maximum of 10% of scattered bokeh]]
[2022.01.10-21.54.41:028][  0]LogConfig: Setting CVar [[r.DOF.Recombine.Quality:1                ; cheap slight out of focus]]
[2022.01.10-21.54.41:028][  0]LogConfig: Setting CVar [[r.DOF.Recombine.EnableBokehSettings:0    ; no bokeh simulation on slight out of focus]]
[2022.01.10-21.54.41:028][  0]LogConfig: Setting CVar [[r.DOF.TemporalAAQuality:1                ; more stable temporal accumulation]]
[2022.01.10-21.54.41:028][  0]LogConfig: Setting CVar [[r.DOF.Kernel.MaxForegroundRadius:0.025]]
[2022.01.10-21.54.41:028][  0]LogConfig: Setting CVar [[r.DOF.Kernel.MaxBackgroundRadius:0.025]]
[2022.01.10-21.54.41:028][  0]LogConfig: Applying CVar settings from Section [TextureQuality@3] File [E:/GitHub/GE_UnrealProject/GE_UnrealProject/Saved/Config/Windows/Scalability.ini]
[2022.01.10-21.54.41:028][  0]LogConfig: Setting CVar [[r.Streaming.MipBias:0]]
[2022.01.10-21.54.41:028][  0]LogConfig: Setting CVar [[r.Streaming.AmortizeCPUToGPUCopy:0]]
[2022.01.10-21.54.41:028][  0]LogConfig: Setting CVar [[r.Streaming.MaxNumTexturesToStreamPerFrame:0]]
[2022.01.10-21.54.41:028][  0]LogConfig: Setting CVar [[r.Streaming.Boost:1]]
[2022.01.10-21.54.41:028][  0]LogConfig: Setting CVar [[r.MaxAnisotropy:8]]
[2022.01.10-21.54.41:028][  0]LogConfig: Setting CVar [[r.VT.MaxAnisotropy:8]]
[2022.01.10-21.54.41:028][  0]LogConfig: Setting CVar [[r.Streaming.LimitPoolSizeToVRAM:0]]
[2022.01.10-21.54.41:028][  0]LogConfig: Setting CVar [[r.Streaming.PoolSize:1000]]
[2022.01.10-21.54.41:028][  0]LogConfig: Setting CVar [[r.Streaming.MaxEffectiveScreenSize:0]]
[2022.01.10-21.54.41:028][  0]LogConfig: Applying CVar settings from Section [EffectsQuality@3] File [E:/GitHub/GE_UnrealProject/GE_UnrealProject/Saved/Config/Windows/Scalability.ini]
[2022.01.10-21.54.41:028][  0]LogConfig: Setting CVar [[r.TranslucencyLightingVolumeDim:64]]
[2022.01.10-21.54.41:028][  0]LogConfig: Setting CVar [[r.RefractionQuality:2]]
[2022.01.10-21.54.41:028][  0]LogConfig: Setting CVar [[r.SSR.Quality:3]]
[2022.01.10-21.54.41:028][  0]LogConfig: Setting CVar [[r.SSR.HalfResSceneColor:0]]
[2022.01.10-21.54.41:028][  0]LogConfig: Setting CVar [[r.SceneColorFormat:4]]
[2022.01.10-21.54.41:028][  0]LogConfig: Setting CVar [[r.DetailMode:2]]
[2022.01.10-21.54.41:028][  0]LogConfig: Setting CVar [[r.TranslucencyVolumeBlur:1]]
[2022.01.10-21.54.41:028][  0]LogConfig: Setting CVar [[r.MaterialQualityLevel:1 ; High quality]]
[2022.01.10-21.54.41:028][  0]LogConfig: Setting CVar [[r.AnisotropicMaterials:1]]
[2022.01.10-21.54.41:028][  0]LogConfig: Setting CVar [[r.SSS.Scale:1]]
[2022.01.10-21.54.41:028][  0]LogConfig: Setting CVar [[r.SSS.SampleSet:2]]
[2022.01.10-21.54.41:028][  0]LogConfig: Setting CVar [[r.SSS.Quality:1]]
[2022.01.10-21.54.41:028][  0]LogConfig: Setting CVar [[r.SSS.HalfRes:0]]
[2022.01.10-21.54.41:028][  0]LogConfig: Setting CVar [[r.SSGI.Quality:3]]
[2022.01.10-21.54.41:028][  0]LogConfig: Setting CVar [[r.EmitterSpawnRateScale:1.0]]
[2022.01.10-21.54.41:028][  0]LogConfig: Setting CVar [[r.ParticleLightQuality:2]]
[2022.01.10-21.54.41:028][  0]LogConfig: Setting CVar [[r.SkyAtmosphere.AerialPerspectiveLUT.FastApplyOnOpaque:1 ; Always have FastSkyLUT 1 in this case to avoid wrong sky]]
[2022.01.10-21.54.41:028][  0]LogConfig: Setting CVar [[r.SkyAtmosphere.AerialPerspectiveLUT.SampleCountMaxPerSlice:4]]
[2022.01.10-21.54.41:028][  0]LogConfig: Setting CVar [[r.SkyAtmosphere.AerialPerspectiveLUT.DepthResolution:16.0]]
[2022.01.10-21.54.41:028][  0]LogConfig: Setting CVar [[r.SkyAtmosphere.FastSkyLUT:1]]
[2022.01.10-21.54.41:028][  0]LogConfig: Setting CVar [[r.SkyAtmosphere.FastSkyLUT.SampleCountMin:4.0]]
[2022.01.10-21.54.41:028][  0]LogConfig: Setting CVar [[r.SkyAtmosphere.FastSkyLUT.SampleCountMax:128.0]]
[2022.01.10-21.54.41:028][  0]LogConfig: Setting CVar [[r.SkyAtmosphere.SampleCountMin:4.0]]
[2022.01.10-21.54.41:028][  0]LogConfig: Setting CVar [[r.SkyAtmosphere.SampleCountMax:128.0]]
[2022.01.10-21.54.41:028][  0]LogConfig: Setting CVar [[r.SkyAtmosphere.TransmittanceLUT.UseSmallFormat:0]]
[2022.01.10-21.54.41:028][  0]LogConfig: Setting CVar [[r.SkyAtmosphere.TransmittanceLUT.SampleCount:10.0]]
[2022.01.10-21.54.41:028][  0]LogConfig: Setting CVar [[r.SkyAtmosphere.MultiScatteringLUT.SampleCount:15.0]]
[2022.01.10-21.54.41:028][  0]LogConfig: Setting CVar [[r.SkyLight.RealTimeReflectionCapture:1]]
[2022.01.10-21.54.41:028][  0]LogConfig: Applying CVar settings from Section [FoliageQuality@3] File [E:/GitHub/GE_UnrealProject/GE_UnrealProject/Saved/Config/Windows/Scalability.ini]
[2022.01.10-21.54.41:028][  0]LogConfig: Setting CVar [[foliage.DensityScale:1.0]]
[2022.01.10-21.54.41:028][  0]LogConfig: Setting CVar [[grass.DensityScale:1.0]]
[2022.01.10-21.54.41:028][  0]LogConfig: Applying CVar settings from Section [ShadingQuality@3] File [E:/GitHub/GE_UnrealProject/GE_UnrealProject/Saved/Config/Windows/Scalability.ini]
[2022.01.10-21.54.41:028][  0]LogConfig: Setting CVar [[r.HairStrands.SkyLighting.IntegrationType:2]]
[2022.01.10-21.54.41:028][  0]LogConfig: Setting CVar [[r.HairStrands.SkyAO.SampleCount:4]]
[2022.01.10-21.54.41:028][  0]LogConfig: Setting CVar [[r.HairStrands.Visibility.MSAA.SamplePerPixel:4]]
[2022.01.10-21.54.41:028][  0]LogConfig: Applying CVar settings from Section [Startup] File [../../../Engine/Config/ConsoleVariables.ini]
[2022.01.10-21.54.41:029][  0]LogConfig: Setting CVar [[net.UseAdaptiveNetUpdateFrequency:0]]
[2022.01.10-21.54.41:029][  0]LogConfig: Setting CVar [[p.chaos.AllowCreatePhysxBodies:1]]
[2022.01.10-21.54.41:029][  0]LogConfig: Setting CVar [[fx.SkipVectorVMBackendOptimizations:1]]
[2022.01.10-21.54.41:029][  0]LogConfig: Applying CVar settings from Section [ConsoleVariables] File [E:/GitHub/GE_UnrealProject/GE_UnrealProject/Saved/Config/Windows/Engine.ini]
[2022.01.10-21.54.41:029][  0]LogConfig: Applying CVar settings from Section [ConsoleVariables] File [E:/GitHub/GE_UnrealProject/GE_UnrealProject/Saved/Config/Windows/Editor.ini]
[2022.01.10-21.54.41:029][  0]LogInit: Computer: DESKTOP-ULUMH42
[2022.01.10-21.54.41:029][  0]LogInit: User: vholt
[2022.01.10-21.54.41:029][  0]LogInit: CPU Page size=4096, Cores=8
[2022.01.10-21.54.41:029][  0]LogInit: High frequency timer resolution =10.000000 MHz
[2022.01.10-21.54.41:029][  0]LogMemory: Memory total: Physical=15.9GB (16GB approx)
[2022.01.10-21.54.41:029][  0]LogMemory: Platform Memory Stats for Windows
[2022.01.10-21.54.41:029][  0]LogMemory: Process Physical Memory: 149.44 MB used, 149.45 MB peak
[2022.01.10-21.54.41:029][  0]LogMemory: Process Virtual Memory: 133.00 MB used, 133.00 MB peak
[2022.01.10-21.54.41:029][  0]LogMemory: Physical Memory: 8245.94 MB used,  8065.89 MB free, 16311.83 MB total
[2022.01.10-21.54.41:029][  0]LogMemory: Virtual Memory: 134211080.00 MB used,  6646.62 MB free, 134217728.00 MB total
[2022.01.10-21.54.41:036][  0]LogWindows: WindowsPlatformFeatures enabled
[2022.01.10-21.54.41:090][  0]LogInit: Physics initialised using underlying interface: PhysX
[2022.01.10-21.54.41:090][  0]LogInit: Using OS detected language (de-DE).
[2022.01.10-21.54.41:090][  0]LogInit: Using OS detected locale (de-DE).
[2022.01.10-21.54.41:101][  0]LogTextLocalizationManager: No specific localization for 'de-DE' exists, so the 'de' localization will be used.
[2022.01.10-21.54.41:110][  0]LogTextLocalizationResource: LocRes '../../../Engine/Content/Localization/Editor/de/Editor.locres' could not be opened for reading!
[2022.01.10-21.54.41:110][  0]LogTextLocalizationResource: LocRes '../../../Engine/Content/Localization/EditorTutorials/de/EditorTutorials.locres' could not be opened for reading!
[2022.01.10-21.54.41:111][  0]LogTextLocalizationResource: LocRes '../../../Engine/Content/Localization/Keywords/de/Keywords.locres' could not be opened for reading!
[2022.01.10-21.54.41:111][  0]LogTextLocalizationResource: LocRes '../../../Engine/Content/Localization/Category/de/Category.locres' could not be opened for reading!
[2022.01.10-21.54.41:111][  0]LogTextLocalizationResource: LocRes '../../../Engine/Content/Localization/ToolTips/de/ToolTips.locres' could not be opened for reading!
[2022.01.10-21.54.41:111][  0]LogTextLocalizationResource: LocRes '../../../Engine/Content/Localization/PropertyNames/de/PropertyNames.locres' could not be opened for reading!
[2022.01.10-21.54.41:112][  0]LogTextLocalizationResource: LocRes '../../../Engine/Content/Localization/Engine/de/Engine.locres' could not be opened for reading!
[2022.01.10-21.54.41:125][  0]LogWindowsTextInputMethodSystem: Display: IME system deactivated.
[2022.01.10-21.54.41:164][  0]LogSlate: New Slate User Created.  User Index 0, Is Virtual User: 0
[2022.01.10-21.54.41:164][  0]LogSlate: Slate User Registered.  User Index 0, Is Virtual User: 0
[2022.01.10-21.54.41:193][  0]LogD3D11RHI: Loaded GFSDK_Aftermath_Lib.x64.dll
[2022.01.10-21.54.41:196][  0]LogHMD: Failed to initialize OpenVR with code 110
[2022.01.10-21.54.41:196][  0]LogD3D11RHI: D3D11 min allowed feature level: 11_0
[2022.01.10-21.54.41:196][  0]LogD3D11RHI: D3D11 max allowed feature level: 11_0
[2022.01.10-21.54.41:196][  0]LogD3D11RHI: D3D11 adapters:
[2022.01.10-21.54.41:307][  0]LogD3D11RHI:    0. 'NVIDIA GeForce GTX 1080' (Feature Level 11_0)
[2022.01.10-21.54.41:308][  0]LogD3D11RHI:       8079/0/8155 MB DedicatedVideo/DedicatedSystem/SharedSystem, Outputs:2, VendorId:0x10de
[2022.01.10-21.54.41:310][  0]LogD3D11RHI:    1. 'Microsoft Basic Render Driver' (Feature Level 11_0)
[2022.01.10-21.54.41:310][  0]LogD3D11RHI:       0/0/8155 MB DedicatedVideo/DedicatedSystem/SharedSystem, Outputs:0, VendorId:0x1414
[2022.01.10-21.54.41:310][  0]LogD3D11RHI: Chosen D3D11 Adapter:
[2022.01.10-21.54.41:310][  0]LogD3D11RHI:     Description : NVIDIA GeForce GTX 1080
[2022.01.10-21.54.41:310][  0]LogD3D11RHI:     VendorId    : 10de
[2022.01.10-21.54.41:310][  0]LogD3D11RHI:     DeviceId    : 1b80
[2022.01.10-21.54.41:310][  0]LogD3D11RHI:     SubSysId    : 85aa1043
[2022.01.10-21.54.41:311][  0]LogD3D11RHI:     Revision    : 00a1
[2022.01.10-21.54.41:311][  0]LogD3D11RHI:     DedicatedVideoMemory : 8471445504 bytes
[2022.01.10-21.54.41:311][  0]LogD3D11RHI:     DedicatedSystemMemory : 0 bytes
[2022.01.10-21.54.41:311][  0]LogD3D11RHI:     SharedSystemMemory : 8552097792 bytes
[2022.01.10-21.54.41:311][  0]LogD3D11RHI:     AdapterLuid : 0 485188863
[2022.01.10-21.54.41:321][  0]LogD3D11RHI: Creating new Direct3DDevice
[2022.01.10-21.54.41:321][  0]LogD3D11RHI:     GPU DeviceId: 0x1b80 (for the marketing name, search the web for "GPU Device Id")
[2022.01.10-21.54.41:321][  0]LogWindows: EnumDisplayDevices:
[2022.01.10-21.54.41:322][  0]LogWindows:    0. 'NVIDIA GeForce GTX 1080' (P:0 D:1)
[2022.01.10-21.54.41:322][  0]LogWindows:    1. 'NVIDIA GeForce GTX 1080' (P:1 D:1)
[2022.01.10-21.54.41:322][  0]LogWindows:    2. 'NVIDIA GeForce GTX 1080' (P:0 D:0)
[2022.01.10-21.54.41:322][  0]LogWindows:    3. 'NVIDIA GeForce GTX 1080' (P:0 D:0)
[2022.01.10-21.54.41:323][  0]LogWindows: DebugString: FoundDriverCount:4 
[2022.01.10-21.54.41:323][  0]LogD3D11RHI:     Adapter Name: NVIDIA GeForce GTX 1080
[2022.01.10-21.54.41:323][  0]LogD3D11RHI:   Driver Version: 497.29 (internal:30.0.14.9729, unified:497.29)
[2022.01.10-21.54.41:323][  0]LogD3D11RHI:      Driver Date: 12-15-2021
[2022.01.10-21.54.41:323][  0]LogRHI: Texture pool is 5655 MB (70% of 8079 MB)
[2022.01.10-21.54.41:323][  0]LogD3D11RHI: Creating D3DDevice using adapter:
[2022.01.10-21.54.41:323][  0]LogD3D11RHI:     Description : NVIDIA GeForce GTX 1080
[2022.01.10-21.54.41:323][  0]LogD3D11RHI:     VendorId    : 10de
[2022.01.10-21.54.41:323][  0]LogD3D11RHI:     DeviceId    : 1b80
[2022.01.10-21.54.41:323][  0]LogD3D11RHI:     SubSysId    : 85aa1043
[2022.01.10-21.54.41:323][  0]LogD3D11RHI:     Revision    : 00a1
[2022.01.10-21.54.41:323][  0]LogD3D11RHI:     DedicatedVideoMemory : 8471445504 bytes
[2022.01.10-21.54.41:323][  0]LogD3D11RHI:     DedicatedSystemMemory : 0 bytes
[2022.01.10-21.54.41:323][  0]LogD3D11RHI:     SharedSystemMemory : 8552097792 bytes
[2022.01.10-21.54.41:323][  0]LogD3D11RHI:     AdapterLuid : 0 485188863
[2022.01.10-21.54.41:393][  0]LogD3D11RHI: RHI has support for 64 bit atomics
[2022.01.10-21.54.41:393][  0]LogD3D11RHI: Async texture creation enabled
[2022.01.10-21.54.41:393][  0]LogD3D11RHI: Array index from any shader is supported
[2022.01.10-21.54.41:414][  0]LogD3D11RHI: GPU Timing Frequency: 1000.000000 (Debug: 2 1)
[2022.01.10-21.54.41:434][  0]LogRHI: GeForceNow SDK initialized: 1
[2022.01.10-21.54.41:803][  0]LogTargetPlatformManager: Display: Loaded TargetPlatform 'WindowsNoEditor'
[2022.01.10-21.54.41:809][  0]LogTargetPlatformManager: Display: Loaded TargetPlatform 'Windows'
[2022.01.10-21.54.41:816][  0]LogTargetPlatformManager: Display: Loaded TargetPlatform 'WindowsClient'
[2022.01.10-21.54.41:822][  0]LogTargetPlatformManager: Display: Loaded TargetPlatform 'WindowsServer'
[2022.01.10-21.54.41:822][  0]LogTargetPlatformManager: Display: Building Assets For Windows
[2022.01.10-21.54.41:833][  0]LogAudioDebug: Display: Lib vorbis DLL was dynamically loaded.
[2022.01.10-21.54.41:891][  0]LogTextureFormatOodle: Display: Oodle Texture 2.9.0 init RDO Off
[2022.01.10-21.54.41:937][  0]LogRendererCore: Ray tracing is disabled. Reason: r.RayTracing=0.
[2022.01.10-21.54.41:937][  0]LogShaderCompilers: Guid format shader working directory is 2 characters bigger than the processId version (E:/GitHub/GE_UnrealProject/GE_UnrealProject/Intermediate/Shaders/WorkingDirectory/24064/).
[2022.01.10-21.54.41:937][  0]LogShaderCompilers: Cleaned the shader compiler working directory 'C:/Users/vholt/AppData/Local/Temp/UnrealShaderWorkingDir/180AFE804C712C76F273CD8D75521044/'.
[2022.01.10-21.54.41:937][  0]LogXGEController: Cannot use XGE Controller as Incredibuild is not installed on this machine.
[2022.01.10-21.54.41:937][  0]LogShaderCompilers: Cannot use XGE Shader Compiler as Incredibuild is not installed on this machine.
[2022.01.10-21.54.41:937][  0]LogShaderCompilers: Display: Using Local Shader Compiler.
[2022.01.10-21.54.42:902][  0]LogDerivedDataCache: Display: Max Cache Size: 512 MB
[2022.01.10-21.54.42:974][  0]LogDerivedDataCache: Loaded boot cache 0.07s 94MB C:/Users/vholt/AppData/Local/UnrealEngine/4.27/DerivedDataCache/Boot.ddc.
[2022.01.10-21.54.42:974][  0]LogDerivedDataCache: Display: Loaded Boot cache: C:/Users/vholt/AppData/Local/UnrealEngine/4.27/DerivedDataCache/Boot.ddc
[2022.01.10-21.54.42:974][  0]LogDerivedDataCache: FDerivedDataBackendGraph:  Pak pak cache file E:/GitHub/GE_UnrealProject/GE_UnrealProject/DerivedDataCache/DDC.ddp not found, will not use a pak cache.
[2022.01.10-21.54.42:974][  0]LogDerivedDataCache: Unable to find inner node Pak for hierarchical cache Hierarchy.
[2022.01.10-21.54.42:974][  0]LogDerivedDataCache: FDerivedDataBackendGraph:  CompressedPak pak cache file E:/GitHub/GE_UnrealProject/GE_UnrealProject/DerivedDataCache/Compressed.ddp not found, will not use a pak cache.
[2022.01.10-21.54.42:974][  0]LogDerivedDataCache: Unable to find inner node CompressedPak for hierarchical cache Hierarchy.
[2022.01.10-21.54.42:996][  0]LogDerivedDataCache: Display: Pak cache opened for reading ../../../Engine/DerivedDataCache/Compressed.ddp.
[2022.01.10-21.54.42:996][  0]LogDerivedDataCache: FDerivedDataBackendGraph:  EnterprisePak pak cache file ../../../Enterprise/DerivedDataCache/Compressed.ddp not found, will not use a pak cache.
[2022.01.10-21.54.42:996][  0]LogDerivedDataCache: Unable to find inner node EnterprisePak for hierarchical cache Hierarchy.
[2022.01.10-21.54.43:008][  0]LogDerivedDataCache: Speed tests for C:/Users/vholt/AppData/Local/UnrealEngine/Common/DerivedDataCache took 0.01 seconds
[2022.01.10-21.54.43:008][  0]LogDerivedDataCache: Display: Performance to C:/Users/vholt/AppData/Local/UnrealEngine/Common/DerivedDataCache: Latency=0.05ms. RandomReadSpeed=624.75MBs, RandomWriteSpeed=103.52MBs. Assigned SpeedClass 'Local'
[2022.01.10-21.54.43:009][  0]LogDerivedDataCache: Using Local data cache path C:/Users/vholt/AppData/Local/UnrealEngine/Common/DerivedDataCache: Writable
[2022.01.10-21.54.43:009][  0]LogDerivedDataCache: Shared data cache path not found in *engine.ini, will not use an Shared cache.
[2022.01.10-21.54.43:009][  0]LogDerivedDataCache: Unable to find inner node Shared for hierarchical cache Hierarchy.
[2022.01.10-21.54.43:055][  0]LogSlate: Using FreeType 2.10.0
[2022.01.10-21.54.43:057][  0]LogSlate: SlateFontServices - WITH_FREETYPE: 1, WITH_HARFBUZZ: 1
[2022.01.10-21.54.43:905][  0]LogInit: Using OS detected language (de-DE).
[2022.01.10-21.54.43:905][  0]LogInit: Using OS detected locale (de-DE).
[2022.01.10-21.54.43:905][  0]LogTextLocalizationManager: No localization for 'de-DE' exists, so 'en' will be used for the language.
[2022.01.10-21.54.43:905][  0]LogTextLocalizationManager: No localization for 'de-DE' exists, so 'en' will be used for the locale.
[2022.01.10-21.54.43:905][  0]LogSlate: FontCache flush requested. Reason: Culture for localization was changed
[2022.01.10-21.54.43:905][  0]LogSlate: FontCache flush requested. Reason: Culture for localization was changed
[2022.01.10-21.54.43:909][  0]LogAssetRegistry: FAssetRegistry took 0.0021 seconds to start up
[2022.01.10-21.54.44:797][  0]LogPackageLocalizationCache: Processed 27 localized package path(s) for 1 prioritized culture(s) in 0.688429 seconds
[2022.01.10-21.54.44:885][  0]LogTextLocalizationManager: Compacting localization data took   0.01ms
[2022.01.10-21.54.44:885][  0]LogInit: Selected Device Profile: [Windows]
[2022.01.10-21.54.44:886][  0]LogInit: Active device profile: [00000133E123CD00][00000133D9900D00 49] Windows
[2022.01.10-21.54.44:886][  0]LogInit: Profiles: [00000133E123CD00][00000133D9900D00 49] Windows, [00000133E1229E00][00000133D9E24E80 49] WindowsNoEditor, [00000133E123DC00][00000133D9E29000 49] WindowsServer, [00000133E122AC00][00000133D9E2D180 49] WindowsClient, [00000133E123E900][00000133D9E212C0 49] IOS, [00000133E1229500][00000133E0E51400 49] iPadAir, [00000133E123FE00][00000133E0E55540 49] iPadAir2, [00000133E11C5000][00000133E0E617C0 49] IPadPro, [00000133E11C5100][00000133E0E59800 49] iPadAir3, [00000133E1228C00][00000133E0E65980 49] iPadAir4, [00000133E11C5D00][00000133E0E69B00 49] iPadMini2, [00000133E122AE00][00000133E0E6C100 49] iPadMini3, [00000133E11C7800][00000133DA23E280 49] iPadMini4, [00000133E122BD00][00000133DA242400 49] iPadMini5, [00000133E1208A00][00000133DA24A6C0 49] iPhone6, [00000133E1208B00][00000133DA246700 49] iPodTouch6, [00000133E123ED00][00000133DA2529C0 49] iPhone7, [00000133E123EE00][00000133DA24EA00 49] iPodTouch7, [00000133E11C6300][00000133DA256B80 49] iPhone5S, [00000133E123D000][00000133DA25AD00 49] iPhone6Plus, [00000133E1208100][00000133DA25EE80 49] iPhone6S, [00000133E11C4300][00000133DA263000 49] iPhone6SPlus, [00000133E120A900][00000133DA267180 49] iPhone7Plus, [00000133E11C6100][00000133DA26B300 49] iPhoneSE, [00000133E120A700][00000133DA26F480 49] iPhone8, [00000133E11C4700][00000133E0E5D5C0 49] iPhone8Plus, [00000133E120B200][00000133DA273700 49] iPhoneX, [00000133E123D500][00000133DA277840 49] iPhoneXS, [00000133E120AC00][00000133D9F139C0 49] iPhoneXSMax, [00000133E123DA00][00000133D9F17B40 49] iPhoneXR, [00000133E1208600][00000133D9F1A140 49] iPhone11, [00000133E123EA00][00000133D9F1E2C0 49] iPhone11Pro, [00000133E1209B00][00000133D9F22440 49] iPhone11ProMax, [00000133E123CF00][00000133D9F265C0 49] iPhoneSE2, [00000133E120BB00][00000133D9F3C740 49] iPhone12Mini, [00000133E123E300][00000133D9F528C0 49] iPhone12, [00000133E1208C00][00000133D9F56A40 49] iPhone12Pro, [00000133E123FF00][00000133D9F5ABC0 49] iPhone12ProMax, [00000133E1209600][00000133D9400D40 49] iPadPro105, [00000133E123C900][00000133D9824EC0 49] iPadPro129, [00000133E120BE00][00000133D9829040 49] iPadPro97, [00000133E123F700][00000133D982D1C0 49] iPadPro2_129, [00000133E120AD00][00000133D9831340 49] iPad5, [00000133E123E100][00000133D98354C0 49] iPad6, [00000133E1209200][00000133D9839640 49] iPad7, [00000133E123D100][00000133DA27B780 49] iPad8, [00000133E1208500][00000133D983D8C0 49] iPadPro11, [00000133E123D900][00000133D9841A00 49] iPadPro2_11, [00000133E120AF00][00000133D9845B40 49] iPadPro3_129, [00000133E123F800][00000133D984C140 49] iPadPro4_129, [00000133E120B300][00000133D98502C0 49] AppleTV, [00000133E123E600][00000133D9854440 49] AppleTV4K, [00000133E120AB00][00000133D98585C0 49] TVOS, [00000133E123DF00][00000133D985C740 49] Mac, [00000133E1209400][00000133D98608C0 49] MacClient, [00000133E123F900][00000133D9864A40 49] MacNoEditor, [00000133E120B600][00000133D9868BC0 49] MacServer, [00000133E123DB00][00000133D986CD40 49] Linux, [00000133E1209D00][00000133D9870EC0 49] LinuxAArch64, [00000133E123D800][00000133D9875040 49] LinuxNoEditor, [00000133E120A400][00000133D98791C0 49] LinuxAArch64NoEditor, [00000133E123CE00][00000133D987D340 49] LinuxClient, [00000133E120B800][00000133D98814C0 49] LinuxAArch64Client, [00000133E123E700][00000133D9885640 49] LinuxServer, [00000133E1208900][00000133D98897C0 49] LinuxAArch64Server, [00000133E123D200][00000133D9849900 49] Android, [00000133E120B000][00000133D988DA40 49] Android_Low, [00000133E123CA00][00000133D9405B80 49] Android_Mid, [00000133E120B900][00000133D9408140 49] Android_High, [00000133E123FD00][00000133D94102C0 49] Android_Default, [00000133E120A600][00000133D9414440 49] Android_Adreno4xx, [00000133E123F400][00000133D94185C0 49] Android_Adreno5xx_Low, [00000133E1209000][00000133D941C740 49] Android_Adreno5xx, [00000133E123C200][00000133D94208C0 49] Android_Adreno6xx, [00000133E1228500][00000133D9424A40 49] Android_Adreno6xx_Vulkan, [00000133E11C5F00][00000133D9428BC0 49] Android_Mali_T6xx, [00000133E1228600][00000133D942CD40 49] Android_Mali_T7xx, [00000133E11C4100][00000133D9430EC0 49] Android_Mali_T8xx, [00000133E1228100][00000133D9435040 49] Android_Mali_G71, [00000133E11C7300][00000133D94391C0 49] Android_Mali_G72, [00000133E1229000][00000133D943D340 49] Android_Mali_G72_Vulkan, [00000133E11C5700][00000133D94414C0 49] Android_Mali_G76, [00000133E122B300][00000133D9445640 49] Android_Mali_G76_Vulkan, [00000133E11C6900][00000133D94497C0 49] Android_Mali_G77, [00000133E122B700][00000133D944D940 49] Android_Mali_G77_Vulkan, [00000133E11C5500][00000133D9451AC0 49] Android_Mali_G78, [00000133E1229D00][00000133D940DC00 49] Android_Mali_G78_Vulkan, [00000133E11C4400][00000133D94541C0 49] Android_Mali_G710, [00000133E1228300][00000133D9458300 49] Android_Mali_G710_Vulkan, [00000133E11C4200][00000133D9460480 49] Android_Vulkan_SM5, [00000133E1228700][00000133D9464600 49] Android_PowerVR_G6xxx, [00000133E11C6400][00000133D9468780 49] Android_PowerVR_GT7xxx, [00000133E122A300][00000133D946C900 49] Android_PowerVR_GE8xxx, [00000133E11C5400][00000133D9470A80 49] Android_PowerVR_GM9xxx, [00000133E1228200][00000133D9474C00 49] Android_PowerVR_GM9xxx_Vulkan, [00000133E11C6600][00000133D9478D80 49] Android_TegraK1, [00000133E122B500][00000133D947CF00 49] Android_Unknown_Vulkan, [00000133E11C7B00][00000133D9481080 49] Lumin, [00000133E122BA00][00000133D9485200 49] Lumin_Desktop, [00000133E11C4B00][00000133D9489380 49] HoloLens, 
[2022.01.10-21.54.44:949][  0]LogMeshReduction: Using QuadricMeshReduction for automatic static mesh reduction
[2022.01.10-21.54.44:949][  0]LogMeshReduction: Using SimplygonMeshReduction for automatic skeletal mesh reduction
[2022.01.10-21.54.44:949][  0]LogMeshReduction: Using ProxyLODMeshReduction for automatic mesh merging
[2022.01.10-21.54.44:949][  0]LogMeshReduction: No distributed automatic mesh merging module available
[2022.01.10-21.54.44:949][  0]LogMeshMerging: No distributed automatic mesh merging module available
[2022.01.10-21.54.45:074][  0]LogNetVersion: GE_UnrealProject 1.0.0, NetCL: 17155196, EngineNetVer: 17, GameNetVer: 0 (Checksum: 420364804)
[2022.01.10-21.54.45:405][  0]LogTexture: Default maximum texture size for cubemaps generated from long-lat sources has been changed from 512 to unlimited. In order to preserve old behaiour for '/Engine/MapTemplates/Sky/DaylightAmbientCubemap.DaylightAmbientCubemap', its maximum texture size has been explicitly set to 512.
[2022.01.10-21.54.45:472][  0]LogHMD: PokeAHoleMaterial loaded successfully
